<?xml version="1.0" encoding="UTF-8"?>
<!-- Generated by org.testng.reporters.JUnitReportReporter -->
<testsuite skipped="0" hostname="ICPL11957" name="com.test.apptest.test.Testkayak" tests="1" failures="0" timestamp="15 Feb 2018 13:13:13 GMT" time="28.822" errors="0">
  <testcase name="testKayakApp" time="28.822" classname="com.test.apptest.test.Testkayak"/>
</testsuite> <!-- com.test.apptest.test.Testkayak -->
