<?xml version="1.0" encoding="UTF-8"?>
<!-- Generated by org.testng.reporters.JUnitReportReporter -->
<testsuite skipped="0" hostname="ICPL11957" name="com.test.apptest.test.Testkayak" tests="1" failures="0" timestamp="15 Feb 2018 06:55:57 GMT" time="65.429" errors="0">
  <testcase name="testKayakApp" time="65.429" classname="com.test.apptest.test.Testkayak"/>
</testsuite> <!-- com.test.apptest.test.Testkayak -->
